<?xml version="1.0" encoding="UTF-8"?>
<!-- Generated by org.testng.reporters.JUnitReportReporter -->
<testsuite hostname="Nawaphong-O" name="selenium.web.test.Webtest" tests="3" failures="0" timestamp="10 Oct 2016 10:28:45 GMT" time="10.575" errors="0">
  <testcase name="TestC_delete" time="6.713" classname="selenium.web.test.Webtest"/>
  <testcase name="TestA_insert" time="0.885" classname="selenium.web.test.Webtest"/>
  <testcase name="TestB_update" time="2.977" classname="selenium.web.test.Webtest"/>
</testsuite> <!-- selenium.web.test.Webtest -->
